Importer Log Report
Document: C:\Users\abelt\Documents\SZTE\szakdoga\circuits\RemoteQuarium_pcb_design\RemoteQuarium_pcb_design.kicad_sch
    Section : Loading Schematic - C:\Users\abelt\Documents\SZTE\szakdoga\circuits\RemoteQuarium_pcb_design\RemoteQuarium_pcb_design.kicad_sch
        Warning: Unknown child dnp of symbol.
        Warning: Unknown child instances of symbol.
        Warning: Unknown child dnp of symbol.
        Warning: Unknown child instances of symbol.
        Warning: Unknown child dnp of symbol.
        Warning: Unknown child instances of symbol.
        Warning: Unknown child dnp of symbol.
        Warning: Unknown child instances of symbol.
        Warning: Unknown child dnp of symbol.
        Warning: Unknown child instances of symbol.
        Warning: Unknown child dnp of symbol.
        Warning: Unknown child instances of symbol.
        Warning: Unknown child dnp of symbol.
        Warning: Unknown child instances of symbol.
        Warning: Unknown child dnp of symbol.
        Warning: Unknown child instances of symbol.
        Warning: Unknown child dnp of symbol.
        Warning: Unknown child instances of symbol.
        Warning: Unknown child dnp of symbol.
        Warning: Unknown child instances of symbol.
        Warning: Unknown child dnp of symbol.
        Warning: Unknown child instances of symbol.
        Warning: Unknown child dnp of symbol.
        Warning: Unknown child instances of symbol.
        Warning: Unknown child dnp of symbol.
        Warning: Unknown child instances of symbol.
        Warning: Unknown child dnp of symbol.
        Warning: Unknown child instances of symbol.
        Warning: Unknown child dnp of symbol.
        Warning: Unknown child instances of symbol.
        Warning: Unknown child dnp of symbol.
        Warning: Unknown child instances of symbol.
        Warning: Unknown child dnp of symbol.
        Warning: Unknown child instances of symbol.
        Warning: Unknown child dnp of symbol.
        Warning: Unknown child instances of symbol.
        Warning: Unknown child dnp of symbol.
        Warning: Unknown child instances of symbol.
        Warning: Unknown child dnp of symbol.
        Warning: Unknown child instances of symbol.
        Warning: Unknown child dnp of symbol.
        Warning: Unknown child instances of symbol.
        Warning: Unknown child dnp of symbol.
        Warning: Unknown child instances of symbol.
        Warning: Unknown child dnp of symbol.
        Warning: Unknown child instances of symbol.
        Warning: Unknown child dnp of symbol.
        Warning: Unknown child instances of symbol.
        Warning: Unknown child dnp of symbol.
        Warning: Unknown child instances of symbol.
    EndSection
    Section : Loading Schematic - C:\Users\abelt\Documents\SZTE\szakdoga\circuits\RemoteQuarium_pcb_design\RemoteQuarium_pcb_design.kicad_sch
        Warning: Unknown child dnp of symbol.
        Warning: Unknown child instances of symbol.
        Warning: Unknown child dnp of symbol.
        Warning: Unknown child instances of symbol.
        Warning: Unknown child dnp of symbol.
        Warning: Unknown child instances of symbol.
        Warning: Unknown child dnp of symbol.
        Warning: Unknown child instances of symbol.
        Warning: Unknown child dnp of symbol.
        Warning: Unknown child instances of symbol.
        Warning: Unknown child dnp of symbol.
        Warning: Unknown child instances of symbol.
        Warning: Unknown child dnp of symbol.
        Warning: Unknown child instances of symbol.
        Warning: Unknown child dnp of symbol.
        Warning: Unknown child instances of symbol.
        Warning: Unknown child dnp of symbol.
        Warning: Unknown child instances of symbol.
        Warning: Unknown child dnp of symbol.
        Warning: Unknown child instances of symbol.
        Warning: Unknown child dnp of symbol.
        Warning: Unknown child instances of symbol.
        Warning: Unknown child dnp of symbol.
        Warning: Unknown child instances of symbol.
        Warning: Unknown child dnp of symbol.
        Warning: Unknown child instances of symbol.
        Warning: Unknown child dnp of symbol.
        Warning: Unknown child instances of symbol.
        Warning: Unknown child dnp of symbol.
        Warning: Unknown child instances of symbol.
        Warning: Unknown child dnp of symbol.
        Warning: Unknown child instances of symbol.
        Warning: Unknown child dnp of symbol.
        Warning: Unknown child instances of symbol.
        Warning: Unknown child dnp of symbol.
        Warning: Unknown child instances of symbol.
        Warning: Unknown child dnp of symbol.
        Warning: Unknown child instances of symbol.
        Warning: Unknown child dnp of symbol.
        Warning: Unknown child instances of symbol.
        Warning: Unknown child dnp of symbol.
        Warning: Unknown child instances of symbol.
        Warning: Unknown child dnp of symbol.
        Warning: Unknown child instances of symbol.
        Warning: Unknown child dnp of symbol.
        Warning: Unknown child instances of symbol.
        Warning: Unknown child dnp of symbol.
        Warning: Unknown child instances of symbol.
        Warning: Unknown child dnp of symbol.
        Warning: Unknown child instances of symbol.
    EndSection
